<?xml version="1.0" encoding="UTF-8"?>
<testsuite xmlns:xsi="http://www.w3.org/2001/XMLSchema-instance" xsi:noNamespaceSchemaLocation="https://maven.apache.org/surefire/maven-surefire-plugin/xsd/surefire-test-report.xsd" name="com.Ecuacion1Test" time="0.028" tests="2" errors="0" skipped="0" failures="0">
  <properties>
[...]
</properties>
  <testcase name="testEcuacion1" classname="com.Ecuacion1Test" time="0.022"/>
  <testcase name="testExpectedException" classname="com.Ecuacion1Test" time="0.001"/>
</testsuite>