<?xml version="1.0" encoding="UTF-8"?>
<testsuite xmlns:xsi="http://www.w3.org/2001/XMLSchema-instance" xsi:noNamespaceSchemaLocation="https://maven.apache.org/surefire/maven-surefire-plugin/xsd/surefire-test-report.xsd" name="com.supercalculadora.RuffiniTest" time="0.006" tests="3" errors="0" skipped="0" failures="0">
  <properties>
[...]
</properties>
  <testcase name="testRuffini01" classname="com.supercalculadora.RuffiniTest" time="0.004"/>
  <testcase name="testRuffini02" classname="com.supercalculadora.RuffiniTest" time="0.001"/>
  <testcase name="testRuffini03" classname="com.supercalculadora.RuffiniTest" time="0"/>
</testsuite>